<?xml version="1.0" encoding="UTF-8"?>
<!-- Generated by org.testng.reporters.JUnitReportReporter -->
<testsuite hostname="CELSYSNCROOO117" failures="0" tests="1" name="docker.ChromeTest1" time="11.324" errors="0" timestamp="2024-10-07T12:24:35 IST" skipped="0">
  <testcase classname="docker.ChromeTest1" name="test" time="11.324"/>
  <system-out/>
</testsuite> <!-- docker.ChromeTest1 -->
