<?xml version="1.0" encoding="UTF-8"?>
<!-- Generated by org.testng.reporters.JUnitReportReporter -->
<testsuite hostname="CELSYSNCROOO117" failures="0" tests="1" name="docker.ChromeTest3" time="10.563" errors="0" timestamp="2024-10-07T16:47:36 IST" skipped="0">
  <testcase classname="docker.ChromeTest3" name="test" time="10.563"/>
  <system-out/>
</testsuite> <!-- docker.ChromeTest3 -->
