<?xml version="1.0" encoding="UTF-8"?>
<!-- Generated by org.testng.reporters.JUnitReportReporter -->
<testsuite hostname="CELSYSNCROOO117" failures="0" tests="1" name="docker.ChromeTest2" time="6.162" errors="0" timestamp="2024-10-07T16:47:36 IST" skipped="0">
  <testcase classname="docker.ChromeTest2" name="test" time="6.162"/>
  <system-out/>
</testsuite> <!-- docker.ChromeTest2 -->
