<?xml version="1.0" encoding="UTF-8"?>
<!-- Generated by org.testng.reporters.JUnitReportReporter -->
<testsuite hostname="CELSYSNCROOO117" failures="0" tests="1" name="docker.ChromeTest3" time="15.138" errors="0" timestamp="2024-10-07T12:24:35 IST" skipped="0">
  <testcase classname="docker.ChromeTest3" name="test" time="15.138"/>
  <system-out/>
</testsuite> <!-- docker.ChromeTest3 -->
