<?xml version="1.0" encoding="UTF-8"?>
<!-- Generated by org.testng.reporters.JUnitReportReporter -->
<testsuite hostname="CELSYSNCROOO117" failures="0" tests="2" name="docker.Setup_DockerGrid" time="20.223" errors="0" timestamp="2024-10-07T16:41:41 IST" skipped="0">
  <testcase classname="docker.Setup_DockerGrid" name="startDockerGrid" time="15.087"/>
  <system-out/>
  <testcase classname="docker.Setup_DockerGrid" name="stopDockerGrid" time="5.136"/>
  <system-out/>
</testsuite> <!-- docker.Setup_DockerGrid -->
