<?xml version="1.0" encoding="UTF-8"?>
<!-- Generated by org.testng.reporters.JUnitReportReporter -->
<testsuite hostname="CELSYSNCROOO117" failures="0" tests="1" name="docker.FirefoxTest4" time="8.799" errors="0" timestamp="2024-10-07T16:47:36 IST" skipped="0">
  <testcase classname="docker.FirefoxTest4" name="test" time="8.799"/>
  <system-out/>
</testsuite> <!-- docker.FirefoxTest4 -->
