<?xml version="1.0" encoding="UTF-8"?>
<!-- Generated by org.testng.reporters.JUnitReportReporter -->
<testsuite hostname="CELSYSNCROOO117" failures="0" tests="1" name="docker.ChromeTest1" time="5.633" errors="0" timestamp="2024-10-08T08:48:31 IST" skipped="0">
  <testcase classname="docker.ChromeTest1" name="test" time="5.633"/>
</testsuite> <!-- docker.ChromeTest1 -->
